C:\TestProjects\helloworld\HelloWorld\angular-tour-of-heroes\dist\out-tsc\src\app\app.component.js
C:\TestProjects\helloworld\HelloWorld\angular-tour-of-heroes\dist\out-tsc\src\app\app.component.js.map
C:\TestProjects\helloworld\HelloWorld\angular-tour-of-heroes\dist\out-tsc\src\app\hero.js
C:\TestProjects\helloworld\HelloWorld\angular-tour-of-heroes\dist\out-tsc\src\app\hero.js.map
C:\TestProjects\helloworld\HelloWorld\angular-tour-of-heroes\dist\out-tsc\src\app\mock-heroes.js
C:\TestProjects\helloworld\HelloWorld\angular-tour-of-heroes\dist\out-tsc\src\app\mock-heroes.js.map
C:\TestProjects\helloworld\HelloWorld\angular-tour-of-heroes\dist\out-tsc\src\app\heroes\heroes.component.js
C:\TestProjects\helloworld\HelloWorld\angular-tour-of-heroes\dist\out-tsc\src\app\heroes\heroes.component.js.map
C:\TestProjects\helloworld\HelloWorld\angular-tour-of-heroes\dist\out-tsc\src\app\app.module.js
C:\TestProjects\helloworld\HelloWorld\angular-tour-of-heroes\dist\out-tsc\src\app\app.module.js.map
C:\TestProjects\helloworld\HelloWorld\angular-tour-of-heroes\dist\out-tsc\src\environments\environment.js
C:\TestProjects\helloworld\HelloWorld\angular-tour-of-heroes\dist\out-tsc\src\environments\environment.js.map
C:\TestProjects\helloworld\HelloWorld\angular-tour-of-heroes\dist\out-tsc\src\main.js
C:\TestProjects\helloworld\HelloWorld\angular-tour-of-heroes\dist\out-tsc\src\main.js.map
C:\TestProjects\helloworld\HelloWorld\angular-tour-of-heroes\dist\out-tsc\src\polyfills.js
C:\TestProjects\helloworld\HelloWorld\angular-tour-of-heroes\dist\out-tsc\src\polyfills.js.map
C:\TestProjects\helloworld\HelloWorld\angular-tour-of-heroes\dist\out-tsc\src\test.js
C:\TestProjects\helloworld\HelloWorld\angular-tour-of-heroes\dist\out-tsc\src\test.js.map
C:\TestProjects\helloworld\HelloWorld\angular-tour-of-heroes\dist\out-tsc\src\environments\environment.prod.js
C:\TestProjects\helloworld\HelloWorld\angular-tour-of-heroes\dist\out-tsc\src\environments\environment.prod.js.map
C:\TestProjects\helloworld\HelloWorld\angular-tour-of-heroes\dist\out-tsc\src\app\app.component.spec.js
C:\TestProjects\helloworld\HelloWorld\angular-tour-of-heroes\dist\out-tsc\src\app\app.component.spec.js.map
C:\TestProjects\helloworld\HelloWorld\angular-tour-of-heroes\dist\out-tsc\src\app\heroes\heroes.component.spec.js
C:\TestProjects\helloworld\HelloWorld\angular-tour-of-heroes\dist\out-tsc\src\app\heroes\heroes.component.spec.js.map
C:\TestProjects\helloworld\HelloWorld\angular-tour-of-heroes\dist\out-tsc\e2e\app.po.js
C:\TestProjects\helloworld\HelloWorld\angular-tour-of-heroes\dist\out-tsc\e2e\app.po.js.map
C:\TestProjects\helloworld\HelloWorld\angular-tour-of-heroes\dist\out-tsc\e2e\app.e2e-spec.js
C:\TestProjects\helloworld\HelloWorld\angular-tour-of-heroes\dist\out-tsc\e2e\app.e2e-spec.js.map
C:\TestProjects\HelloWorld\HelloWorld\angular-tour-of-heroes\dist\out-tsc\src\app\app.component.js
C:\TestProjects\HelloWorld\HelloWorld\angular-tour-of-heroes\dist\out-tsc\src\app\app.component.js.map
C:\TestProjects\HelloWorld\HelloWorld\angular-tour-of-heroes\dist\out-tsc\src\app\hero.js
C:\TestProjects\HelloWorld\HelloWorld\angular-tour-of-heroes\dist\out-tsc\src\app\hero.js.map
C:\TestProjects\HelloWorld\HelloWorld\angular-tour-of-heroes\dist\out-tsc\src\app\mock-heroes.js
C:\TestProjects\HelloWorld\HelloWorld\angular-tour-of-heroes\dist\out-tsc\src\app\mock-heroes.js.map
C:\TestProjects\HelloWorld\HelloWorld\angular-tour-of-heroes\dist\out-tsc\src\app\heroes\heroes.component.js
C:\TestProjects\HelloWorld\HelloWorld\angular-tour-of-heroes\dist\out-tsc\src\app\heroes\heroes.component.js.map
C:\TestProjects\HelloWorld\HelloWorld\angular-tour-of-heroes\dist\out-tsc\src\app\app.module.js
C:\TestProjects\HelloWorld\HelloWorld\angular-tour-of-heroes\dist\out-tsc\src\app\app.module.js.map
C:\TestProjects\HelloWorld\HelloWorld\angular-tour-of-heroes\dist\out-tsc\src\environments\environment.js
C:\TestProjects\HelloWorld\HelloWorld\angular-tour-of-heroes\dist\out-tsc\src\environments\environment.js.map
C:\TestProjects\HelloWorld\HelloWorld\angular-tour-of-heroes\dist\out-tsc\src\main.js
C:\TestProjects\HelloWorld\HelloWorld\angular-tour-of-heroes\dist\out-tsc\src\main.js.map
C:\TestProjects\HelloWorld\HelloWorld\angular-tour-of-heroes\dist\out-tsc\src\polyfills.js
C:\TestProjects\HelloWorld\HelloWorld\angular-tour-of-heroes\dist\out-tsc\src\polyfills.js.map
C:\TestProjects\HelloWorld\HelloWorld\angular-tour-of-heroes\dist\out-tsc\src\test.js
C:\TestProjects\HelloWorld\HelloWorld\angular-tour-of-heroes\dist\out-tsc\src\test.js.map
C:\TestProjects\HelloWorld\HelloWorld\angular-tour-of-heroes\dist\out-tsc\src\environments\environment.prod.js
C:\TestProjects\HelloWorld\HelloWorld\angular-tour-of-heroes\dist\out-tsc\src\environments\environment.prod.js.map
C:\TestProjects\HelloWorld\HelloWorld\angular-tour-of-heroes\dist\out-tsc\src\app\app.component.spec.js
C:\TestProjects\HelloWorld\HelloWorld\angular-tour-of-heroes\dist\out-tsc\src\app\app.component.spec.js.map
C:\TestProjects\HelloWorld\HelloWorld\angular-tour-of-heroes\dist\out-tsc\src\app\heroes\heroes.component.spec.js
C:\TestProjects\HelloWorld\HelloWorld\angular-tour-of-heroes\dist\out-tsc\src\app\heroes\heroes.component.spec.js.map
C:\TestProjects\HelloWorld\HelloWorld\angular-tour-of-heroes\dist\out-tsc\e2e\app.po.js
C:\TestProjects\HelloWorld\HelloWorld\angular-tour-of-heroes\dist\out-tsc\e2e\app.po.js.map
C:\TestProjects\HelloWorld\HelloWorld\angular-tour-of-heroes\dist\out-tsc\e2e\app.e2e-spec.js
C:\TestProjects\HelloWorld\HelloWorld\angular-tour-of-heroes\dist\out-tsc\e2e\app.e2e-spec.js.map
C:\TestProjects\HelloWorld\HelloWorld\angular-tour-of-heroes\dist\out-tsc\src\app\app.component.js
C:\TestProjects\HelloWorld\HelloWorld\angular-tour-of-heroes\dist\out-tsc\src\app\app.component.js.map
C:\TestProjects\HelloWorld\HelloWorld\angular-tour-of-heroes\dist\out-tsc\src\app\hero.js
C:\TestProjects\HelloWorld\HelloWorld\angular-tour-of-heroes\dist\out-tsc\src\app\hero.js.map
C:\TestProjects\HelloWorld\HelloWorld\angular-tour-of-heroes\dist\out-tsc\src\app\mock-heroes.js
C:\TestProjects\HelloWorld\HelloWorld\angular-tour-of-heroes\dist\out-tsc\src\app\mock-heroes.js.map
C:\TestProjects\HelloWorld\HelloWorld\angular-tour-of-heroes\dist\out-tsc\src\app\heroes\heroes.component.js
C:\TestProjects\HelloWorld\HelloWorld\angular-tour-of-heroes\dist\out-tsc\src\app\heroes\heroes.component.js.map
C:\TestProjects\HelloWorld\HelloWorld\angular-tour-of-heroes\dist\out-tsc\src\app\app.module.js
C:\TestProjects\HelloWorld\HelloWorld\angular-tour-of-heroes\dist\out-tsc\src\app\app.module.js.map
C:\TestProjects\HelloWorld\HelloWorld\angular-tour-of-heroes\dist\out-tsc\src\environments\environment.js
C:\TestProjects\HelloWorld\HelloWorld\angular-tour-of-heroes\dist\out-tsc\src\environments\environment.js.map
C:\TestProjects\HelloWorld\HelloWorld\angular-tour-of-heroes\dist\out-tsc\src\main.js
C:\TestProjects\HelloWorld\HelloWorld\angular-tour-of-heroes\dist\out-tsc\src\main.js.map
C:\TestProjects\HelloWorld\HelloWorld\angular-tour-of-heroes\dist\out-tsc\src\polyfills.js
C:\TestProjects\HelloWorld\HelloWorld\angular-tour-of-heroes\dist\out-tsc\src\polyfills.js.map
C:\TestProjects\HelloWorld\HelloWorld\angular-tour-of-heroes\dist\out-tsc\src\test.js
C:\TestProjects\HelloWorld\HelloWorld\angular-tour-of-heroes\dist\out-tsc\src\test.js.map
C:\TestProjects\HelloWorld\HelloWorld\angular-tour-of-heroes\dist\out-tsc\src\environments\environment.prod.js
C:\TestProjects\HelloWorld\HelloWorld\angular-tour-of-heroes\dist\out-tsc\src\environments\environment.prod.js.map
C:\TestProjects\HelloWorld\HelloWorld\angular-tour-of-heroes\dist\out-tsc\src\app\app.component.spec.js
C:\TestProjects\HelloWorld\HelloWorld\angular-tour-of-heroes\dist\out-tsc\src\app\app.component.spec.js.map
C:\TestProjects\HelloWorld\HelloWorld\angular-tour-of-heroes\dist\out-tsc\src\app\heroes\heroes.component.spec.js
C:\TestProjects\HelloWorld\HelloWorld\angular-tour-of-heroes\dist\out-tsc\src\app\heroes\heroes.component.spec.js.map
C:\TestProjects\HelloWorld\HelloWorld\angular-tour-of-heroes\dist\out-tsc\e2e\app.po.js
C:\TestProjects\HelloWorld\HelloWorld\angular-tour-of-heroes\dist\out-tsc\e2e\app.po.js.map
C:\TestProjects\HelloWorld\HelloWorld\angular-tour-of-heroes\dist\out-tsc\e2e\app.e2e-spec.js
C:\TestProjects\HelloWorld\HelloWorld\angular-tour-of-heroes\dist\out-tsc\e2e\app.e2e-spec.js.map
C:\TestProjects\HelloWorld\HelloWorld\angular-tour-of-heroes\dist\out-tsc\src\app\app.component.js
C:\TestProjects\HelloWorld\HelloWorld\angular-tour-of-heroes\dist\out-tsc\src\app\app.component.js.map
C:\TestProjects\HelloWorld\HelloWorld\angular-tour-of-heroes\dist\out-tsc\src\app\hero.js
C:\TestProjects\HelloWorld\HelloWorld\angular-tour-of-heroes\dist\out-tsc\src\app\hero.js.map
C:\TestProjects\HelloWorld\HelloWorld\angular-tour-of-heroes\dist\out-tsc\src\app\mock-heroes.js
C:\TestProjects\HelloWorld\HelloWorld\angular-tour-of-heroes\dist\out-tsc\src\app\mock-heroes.js.map
C:\TestProjects\HelloWorld\HelloWorld\angular-tour-of-heroes\dist\out-tsc\src\app\heroes\heroes.component.js
C:\TestProjects\HelloWorld\HelloWorld\angular-tour-of-heroes\dist\out-tsc\src\app\heroes\heroes.component.js.map
C:\TestProjects\HelloWorld\HelloWorld\angular-tour-of-heroes\dist\out-tsc\src\app\app.module.js
C:\TestProjects\HelloWorld\HelloWorld\angular-tour-of-heroes\dist\out-tsc\src\app\app.module.js.map
C:\TestProjects\HelloWorld\HelloWorld\angular-tour-of-heroes\dist\out-tsc\src\environments\environment.js
C:\TestProjects\HelloWorld\HelloWorld\angular-tour-of-heroes\dist\out-tsc\src\environments\environment.js.map
C:\TestProjects\HelloWorld\HelloWorld\angular-tour-of-heroes\dist\out-tsc\src\main.js
C:\TestProjects\HelloWorld\HelloWorld\angular-tour-of-heroes\dist\out-tsc\src\main.js.map
C:\TestProjects\HelloWorld\HelloWorld\angular-tour-of-heroes\dist\out-tsc\src\polyfills.js
C:\TestProjects\HelloWorld\HelloWorld\angular-tour-of-heroes\dist\out-tsc\src\polyfills.js.map
C:\TestProjects\HelloWorld\HelloWorld\angular-tour-of-heroes\dist\out-tsc\src\test.js
C:\TestProjects\HelloWorld\HelloWorld\angular-tour-of-heroes\dist\out-tsc\src\test.js.map
C:\TestProjects\HelloWorld\HelloWorld\angular-tour-of-heroes\dist\out-tsc\src\environments\environment.prod.js
C:\TestProjects\HelloWorld\HelloWorld\angular-tour-of-heroes\dist\out-tsc\src\environments\environment.prod.js.map
C:\TestProjects\HelloWorld\HelloWorld\angular-tour-of-heroes\dist\out-tsc\src\app\app.component.spec.js
C:\TestProjects\HelloWorld\HelloWorld\angular-tour-of-heroes\dist\out-tsc\src\app\app.component.spec.js.map
C:\TestProjects\HelloWorld\HelloWorld\angular-tour-of-heroes\dist\out-tsc\src\app\heroes\heroes.component.spec.js
C:\TestProjects\HelloWorld\HelloWorld\angular-tour-of-heroes\dist\out-tsc\src\app\heroes\heroes.component.spec.js.map
C:\TestProjects\HelloWorld\HelloWorld\angular-tour-of-heroes\dist\out-tsc\e2e\app.po.js
C:\TestProjects\HelloWorld\HelloWorld\angular-tour-of-heroes\dist\out-tsc\e2e\app.po.js.map
C:\TestProjects\HelloWorld\HelloWorld\angular-tour-of-heroes\dist\out-tsc\e2e\app.e2e-spec.js
C:\TestProjects\HelloWorld\HelloWorld\angular-tour-of-heroes\dist\out-tsc\e2e\app.e2e-spec.js.map
C:\TestProjects\HelloWorld\HelloWorld\dist\out-tsc\src\app\app.component.js
C:\TestProjects\HelloWorld\HelloWorld\dist\out-tsc\src\app\app.component.js.map
C:\TestProjects\HelloWorld\HelloWorld\dist\out-tsc\src\app\hero.js
C:\TestProjects\HelloWorld\HelloWorld\dist\out-tsc\src\app\hero.js.map
C:\TestProjects\HelloWorld\HelloWorld\dist\out-tsc\src\app\mock-heroes.js
C:\TestProjects\HelloWorld\HelloWorld\dist\out-tsc\src\app\mock-heroes.js.map
C:\TestProjects\HelloWorld\HelloWorld\dist\out-tsc\src\app\heroes\heroes.component.js
C:\TestProjects\HelloWorld\HelloWorld\dist\out-tsc\src\app\heroes\heroes.component.js.map
C:\TestProjects\HelloWorld\HelloWorld\dist\out-tsc\src\app\app.module.js
C:\TestProjects\HelloWorld\HelloWorld\dist\out-tsc\src\app\app.module.js.map
C:\TestProjects\HelloWorld\HelloWorld\dist\out-tsc\src\environments\environment.js
C:\TestProjects\HelloWorld\HelloWorld\dist\out-tsc\src\environments\environment.js.map
C:\TestProjects\HelloWorld\HelloWorld\dist\out-tsc\src\main.js
C:\TestProjects\HelloWorld\HelloWorld\dist\out-tsc\src\main.js.map
C:\TestProjects\HelloWorld\HelloWorld\dist\out-tsc\src\polyfills.js
C:\TestProjects\HelloWorld\HelloWorld\dist\out-tsc\src\polyfills.js.map
C:\TestProjects\HelloWorld\HelloWorld\dist\out-tsc\src\test.js
C:\TestProjects\HelloWorld\HelloWorld\dist\out-tsc\src\test.js.map
C:\TestProjects\HelloWorld\HelloWorld\dist\out-tsc\src\environments\environment.prod.js
C:\TestProjects\HelloWorld\HelloWorld\dist\out-tsc\src\environments\environment.prod.js.map
C:\TestProjects\HelloWorld\HelloWorld\dist\out-tsc\src\app\app.component.spec.js
C:\TestProjects\HelloWorld\HelloWorld\dist\out-tsc\src\app\app.component.spec.js.map
C:\TestProjects\HelloWorld\HelloWorld\dist\out-tsc\src\app\heroes\heroes.component.spec.js
C:\TestProjects\HelloWorld\HelloWorld\dist\out-tsc\src\app\heroes\heroes.component.spec.js.map
C:\TestProjects\HelloWorld\HelloWorld\dist\out-tsc\e2e\app.po.js
C:\TestProjects\HelloWorld\HelloWorld\dist\out-tsc\e2e\app.po.js.map
C:\TestProjects\HelloWorld\HelloWorld\dist\out-tsc\e2e\app.e2e-spec.js
C:\TestProjects\HelloWorld\HelloWorld\dist\out-tsc\e2e\app.e2e-spec.js.map
C:\TestProjects\HelloWorld\HelloWorld\dist\out-tsc\src\app\app.component.js
C:\TestProjects\HelloWorld\HelloWorld\dist\out-tsc\src\app\app.component.js.map
C:\TestProjects\HelloWorld\HelloWorld\dist\out-tsc\src\app\hero.js
C:\TestProjects\HelloWorld\HelloWorld\dist\out-tsc\src\app\hero.js.map
C:\TestProjects\HelloWorld\HelloWorld\dist\out-tsc\src\app\mock-heroes.js
C:\TestProjects\HelloWorld\HelloWorld\dist\out-tsc\src\app\mock-heroes.js.map
C:\TestProjects\HelloWorld\HelloWorld\dist\out-tsc\src\app\heroes\heroes.component.js
C:\TestProjects\HelloWorld\HelloWorld\dist\out-tsc\src\app\heroes\heroes.component.js.map
C:\TestProjects\HelloWorld\HelloWorld\dist\out-tsc\src\app\app.module.js
C:\TestProjects\HelloWorld\HelloWorld\dist\out-tsc\src\app\app.module.js.map
C:\TestProjects\HelloWorld\HelloWorld\dist\out-tsc\src\environments\environment.js
C:\TestProjects\HelloWorld\HelloWorld\dist\out-tsc\src\environments\environment.js.map
C:\TestProjects\HelloWorld\HelloWorld\dist\out-tsc\src\main.js
C:\TestProjects\HelloWorld\HelloWorld\dist\out-tsc\src\main.js.map
C:\TestProjects\HelloWorld\HelloWorld\dist\out-tsc\src\polyfills.js
C:\TestProjects\HelloWorld\HelloWorld\dist\out-tsc\src\polyfills.js.map
C:\TestProjects\HelloWorld\HelloWorld\dist\out-tsc\src\test.js
C:\TestProjects\HelloWorld\HelloWorld\dist\out-tsc\src\test.js.map
C:\TestProjects\HelloWorld\HelloWorld\dist\out-tsc\src\environments\environment.prod.js
C:\TestProjects\HelloWorld\HelloWorld\dist\out-tsc\src\environments\environment.prod.js.map
C:\TestProjects\HelloWorld\HelloWorld\dist\out-tsc\src\app\app.component.spec.js
C:\TestProjects\HelloWorld\HelloWorld\dist\out-tsc\src\app\app.component.spec.js.map
C:\TestProjects\HelloWorld\HelloWorld\dist\out-tsc\src\app\heroes\heroes.component.spec.js
C:\TestProjects\HelloWorld\HelloWorld\dist\out-tsc\src\app\heroes\heroes.component.spec.js.map
C:\TestProjects\HelloWorld\HelloWorld\dist\out-tsc\e2e\app.po.js
C:\TestProjects\HelloWorld\HelloWorld\dist\out-tsc\e2e\app.po.js.map
C:\TestProjects\HelloWorld\HelloWorld\dist\out-tsc\e2e\app.e2e-spec.js
C:\TestProjects\HelloWorld\HelloWorld\dist\out-tsc\e2e\app.e2e-spec.js.map
C:\TestProjects\HelloWorld\HelloWorld\dist\out-tsc\src\app\app.component.js
C:\TestProjects\HelloWorld\HelloWorld\dist\out-tsc\src\app\app.component.js.map
C:\TestProjects\HelloWorld\HelloWorld\dist\out-tsc\src\app\hero.js
C:\TestProjects\HelloWorld\HelloWorld\dist\out-tsc\src\app\hero.js.map
C:\TestProjects\HelloWorld\HelloWorld\dist\out-tsc\src\app\mock-heroes.js
C:\TestProjects\HelloWorld\HelloWorld\dist\out-tsc\src\app\mock-heroes.js.map
C:\TestProjects\HelloWorld\HelloWorld\dist\out-tsc\src\app\heroes\heroes.component.js
C:\TestProjects\HelloWorld\HelloWorld\dist\out-tsc\src\app\heroes\heroes.component.js.map
C:\TestProjects\HelloWorld\HelloWorld\dist\out-tsc\src\app\app.module.js
C:\TestProjects\HelloWorld\HelloWorld\dist\out-tsc\src\app\app.module.js.map
C:\TestProjects\HelloWorld\HelloWorld\dist\out-tsc\src\environments\environment.js
C:\TestProjects\HelloWorld\HelloWorld\dist\out-tsc\src\environments\environment.js.map
C:\TestProjects\HelloWorld\HelloWorld\dist\out-tsc\src\main.js
C:\TestProjects\HelloWorld\HelloWorld\dist\out-tsc\src\main.js.map
C:\TestProjects\HelloWorld\HelloWorld\dist\out-tsc\src\polyfills.js
C:\TestProjects\HelloWorld\HelloWorld\dist\out-tsc\src\polyfills.js.map
C:\TestProjects\HelloWorld\HelloWorld\dist\out-tsc\src\test.js
C:\TestProjects\HelloWorld\HelloWorld\dist\out-tsc\src\test.js.map
C:\TestProjects\HelloWorld\HelloWorld\dist\out-tsc\src\environments\environment.prod.js
C:\TestProjects\HelloWorld\HelloWorld\dist\out-tsc\src\environments\environment.prod.js.map
C:\TestProjects\HelloWorld\HelloWorld\dist\out-tsc\src\app\app.component.spec.js
C:\TestProjects\HelloWorld\HelloWorld\dist\out-tsc\src\app\app.component.spec.js.map
C:\TestProjects\HelloWorld\HelloWorld\dist\out-tsc\src\app\heroes\heroes.component.spec.js
C:\TestProjects\HelloWorld\HelloWorld\dist\out-tsc\src\app\heroes\heroes.component.spec.js.map
C:\TestProjects\HelloWorld\HelloWorld\dist\out-tsc\e2e\app.po.js
C:\TestProjects\HelloWorld\HelloWorld\dist\out-tsc\e2e\app.po.js.map
C:\TestProjects\HelloWorld\HelloWorld\dist\out-tsc\e2e\app.e2e-spec.js
C:\TestProjects\HelloWorld\HelloWorld\dist\out-tsc\e2e\app.e2e-spec.js.map
C:\TestProjects\HelloWorld\HelloWorld\dist\out-tsc\src\app\app.component.js
C:\TestProjects\HelloWorld\HelloWorld\dist\out-tsc\src\app\app.component.js.map
C:\TestProjects\HelloWorld\HelloWorld\dist\out-tsc\src\app\hero.js
C:\TestProjects\HelloWorld\HelloWorld\dist\out-tsc\src\app\hero.js.map
C:\TestProjects\HelloWorld\HelloWorld\dist\out-tsc\src\app\mock-heroes.js
C:\TestProjects\HelloWorld\HelloWorld\dist\out-tsc\src\app\mock-heroes.js.map
C:\TestProjects\HelloWorld\HelloWorld\dist\out-tsc\src\app\heroes\heroes.component.js
C:\TestProjects\HelloWorld\HelloWorld\dist\out-tsc\src\app\heroes\heroes.component.js.map
C:\TestProjects\HelloWorld\HelloWorld\dist\out-tsc\src\app\app.module.js
C:\TestProjects\HelloWorld\HelloWorld\dist\out-tsc\src\app\app.module.js.map
C:\TestProjects\HelloWorld\HelloWorld\dist\out-tsc\src\environments\environment.js
C:\TestProjects\HelloWorld\HelloWorld\dist\out-tsc\src\environments\environment.js.map
C:\TestProjects\HelloWorld\HelloWorld\dist\out-tsc\src\main.js
C:\TestProjects\HelloWorld\HelloWorld\dist\out-tsc\src\main.js.map
C:\TestProjects\HelloWorld\HelloWorld\dist\out-tsc\src\polyfills.js
C:\TestProjects\HelloWorld\HelloWorld\dist\out-tsc\src\polyfills.js.map
C:\TestProjects\HelloWorld\HelloWorld\dist\out-tsc\src\test.js
C:\TestProjects\HelloWorld\HelloWorld\dist\out-tsc\src\test.js.map
C:\TestProjects\HelloWorld\HelloWorld\dist\out-tsc\src\environments\environment.prod.js
C:\TestProjects\HelloWorld\HelloWorld\dist\out-tsc\src\environments\environment.prod.js.map
C:\TestProjects\HelloWorld\HelloWorld\dist\out-tsc\src\app\app.component.spec.js
C:\TestProjects\HelloWorld\HelloWorld\dist\out-tsc\src\app\app.component.spec.js.map
C:\TestProjects\HelloWorld\HelloWorld\dist\out-tsc\src\app\heroes\heroes.component.spec.js
C:\TestProjects\HelloWorld\HelloWorld\dist\out-tsc\src\app\heroes\heroes.component.spec.js.map
C:\TestProjects\HelloWorld\HelloWorld\dist\out-tsc\e2e\app.po.js
C:\TestProjects\HelloWorld\HelloWorld\dist\out-tsc\e2e\app.po.js.map
C:\TestProjects\HelloWorld\HelloWorld\dist\out-tsc\e2e\app.e2e-spec.js
C:\TestProjects\HelloWorld\HelloWorld\dist\out-tsc\e2e\app.e2e-spec.js.map
C:\TestProjects\Projects\CgtReporter\CgtReporter\dist\out-tsc\src\app\app.component.js
C:\TestProjects\Projects\CgtReporter\CgtReporter\dist\out-tsc\src\app\app.component.js.map
C:\TestProjects\Projects\CgtReporter\CgtReporter\dist\out-tsc\src\app\hero.js
C:\TestProjects\Projects\CgtReporter\CgtReporter\dist\out-tsc\src\app\hero.js.map
C:\TestProjects\Projects\CgtReporter\CgtReporter\dist\out-tsc\src\app\mock-heroes.js
C:\TestProjects\Projects\CgtReporter\CgtReporter\dist\out-tsc\src\app\mock-heroes.js.map
C:\TestProjects\Projects\CgtReporter\CgtReporter\dist\out-tsc\src\app\heroes\heroes.model.js
C:\TestProjects\Projects\CgtReporter\CgtReporter\dist\out-tsc\src\app\heroes\heroes.model.js.map
C:\TestProjects\Projects\CgtReporter\CgtReporter\dist\out-tsc\src\app\heroes\heroes.component.js
C:\TestProjects\Projects\CgtReporter\CgtReporter\dist\out-tsc\src\app\heroes\heroes.component.js.map
C:\TestProjects\Projects\CgtReporter\CgtReporter\dist\out-tsc\src\app\app.module.js
C:\TestProjects\Projects\CgtReporter\CgtReporter\dist\out-tsc\src\app\app.module.js.map
C:\TestProjects\Projects\CgtReporter\CgtReporter\dist\out-tsc\src\environments\environment.js
C:\TestProjects\Projects\CgtReporter\CgtReporter\dist\out-tsc\src\environments\environment.js.map
C:\TestProjects\Projects\CgtReporter\CgtReporter\dist\out-tsc\src\main.js
C:\TestProjects\Projects\CgtReporter\CgtReporter\dist\out-tsc\src\main.js.map
C:\TestProjects\Projects\CgtReporter\CgtReporter\dist\out-tsc\src\polyfills.js
C:\TestProjects\Projects\CgtReporter\CgtReporter\dist\out-tsc\src\polyfills.js.map
C:\TestProjects\Projects\CgtReporter\CgtReporter\dist\out-tsc\src\test.js
C:\TestProjects\Projects\CgtReporter\CgtReporter\dist\out-tsc\src\test.js.map
C:\TestProjects\Projects\CgtReporter\CgtReporter\dist\out-tsc\src\environments\environment.prod.js
C:\TestProjects\Projects\CgtReporter\CgtReporter\dist\out-tsc\src\environments\environment.prod.js.map
C:\TestProjects\Projects\CgtReporter\CgtReporter\dist\out-tsc\src\app\app.component.spec.js
C:\TestProjects\Projects\CgtReporter\CgtReporter\dist\out-tsc\src\app\app.component.spec.js.map
C:\TestProjects\Projects\CgtReporter\CgtReporter\dist\out-tsc\src\app\heroes\heroes.component.spec.js
C:\TestProjects\Projects\CgtReporter\CgtReporter\dist\out-tsc\src\app\heroes\heroes.component.spec.js.map
C:\TestProjects\Projects\CgtReporter\CgtReporter\dist\out-tsc\e2e\app.po.js
C:\TestProjects\Projects\CgtReporter\CgtReporter\dist\out-tsc\e2e\app.po.js.map
C:\TestProjects\Projects\CgtReporter\CgtReporter\dist\out-tsc\e2e\app.e2e-spec.js
C:\TestProjects\Projects\CgtReporter\CgtReporter\dist\out-tsc\e2e\app.e2e-spec.js.map
C:\TestProjects\Projects\CgtReporter\CgtReporter\dist\out-tsc\src\app\app.component.js
C:\TestProjects\Projects\CgtReporter\CgtReporter\dist\out-tsc\src\app\app.component.js.map
C:\TestProjects\Projects\CgtReporter\CgtReporter\dist\out-tsc\src\app\hero.js
C:\TestProjects\Projects\CgtReporter\CgtReporter\dist\out-tsc\src\app\hero.js.map
C:\TestProjects\Projects\CgtReporter\CgtReporter\dist\out-tsc\src\app\mock-heroes.js
C:\TestProjects\Projects\CgtReporter\CgtReporter\dist\out-tsc\src\app\mock-heroes.js.map
C:\TestProjects\Projects\CgtReporter\CgtReporter\dist\out-tsc\src\app\heroes\heroes.model.js
C:\TestProjects\Projects\CgtReporter\CgtReporter\dist\out-tsc\src\app\heroes\heroes.model.js.map
C:\TestProjects\Projects\CgtReporter\CgtReporter\dist\out-tsc\src\app\heroes\heroes.component.js
C:\TestProjects\Projects\CgtReporter\CgtReporter\dist\out-tsc\src\app\heroes\heroes.component.js.map
C:\TestProjects\Projects\CgtReporter\CgtReporter\dist\out-tsc\src\app\app.module.js
C:\TestProjects\Projects\CgtReporter\CgtReporter\dist\out-tsc\src\app\app.module.js.map
C:\TestProjects\Projects\CgtReporter\CgtReporter\dist\out-tsc\src\environments\environment.js
C:\TestProjects\Projects\CgtReporter\CgtReporter\dist\out-tsc\src\environments\environment.js.map
C:\TestProjects\Projects\CgtReporter\CgtReporter\dist\out-tsc\src\main.js
C:\TestProjects\Projects\CgtReporter\CgtReporter\dist\out-tsc\src\main.js.map
C:\TestProjects\Projects\CgtReporter\CgtReporter\dist\out-tsc\src\polyfills.js
C:\TestProjects\Projects\CgtReporter\CgtReporter\dist\out-tsc\src\polyfills.js.map
C:\TestProjects\Projects\CgtReporter\CgtReporter\dist\out-tsc\src\test.js
C:\TestProjects\Projects\CgtReporter\CgtReporter\dist\out-tsc\src\test.js.map
C:\TestProjects\Projects\CgtReporter\CgtReporter\dist\out-tsc\src\environments\environment.prod.js
C:\TestProjects\Projects\CgtReporter\CgtReporter\dist\out-tsc\src\environments\environment.prod.js.map
C:\TestProjects\Projects\CgtReporter\CgtReporter\dist\out-tsc\src\app\app.component.spec.js
C:\TestProjects\Projects\CgtReporter\CgtReporter\dist\out-tsc\src\app\app.component.spec.js.map
C:\TestProjects\Projects\CgtReporter\CgtReporter\dist\out-tsc\src\app\heroes\heroes.component.spec.js
C:\TestProjects\Projects\CgtReporter\CgtReporter\dist\out-tsc\src\app\heroes\heroes.component.spec.js.map
C:\TestProjects\Projects\CgtReporter\CgtReporter\dist\out-tsc\e2e\app.po.js
C:\TestProjects\Projects\CgtReporter\CgtReporter\dist\out-tsc\e2e\app.po.js.map
C:\TestProjects\Projects\CgtReporter\CgtReporter\dist\out-tsc\e2e\app.e2e-spec.js
C:\TestProjects\Projects\CgtReporter\CgtReporter\dist\out-tsc\e2e\app.e2e-spec.js.map
C:\TestProjects\Projects\CgtReporter\CgtReporter\dist\out-tsc\src\app\app.component.js
C:\TestProjects\Projects\CgtReporter\CgtReporter\dist\out-tsc\src\app\app.component.js.map
C:\TestProjects\Projects\CgtReporter\CgtReporter\dist\out-tsc\src\app\hero.js
C:\TestProjects\Projects\CgtReporter\CgtReporter\dist\out-tsc\src\app\hero.js.map
C:\TestProjects\Projects\CgtReporter\CgtReporter\dist\out-tsc\src\app\mock-heroes.js
C:\TestProjects\Projects\CgtReporter\CgtReporter\dist\out-tsc\src\app\mock-heroes.js.map
C:\TestProjects\Projects\CgtReporter\CgtReporter\dist\out-tsc\src\app\heroes\heroes.model.js
C:\TestProjects\Projects\CgtReporter\CgtReporter\dist\out-tsc\src\app\heroes\heroes.model.js.map
C:\TestProjects\Projects\CgtReporter\CgtReporter\dist\out-tsc\src\app\heroes\heroes.component.js
C:\TestProjects\Projects\CgtReporter\CgtReporter\dist\out-tsc\src\app\heroes\heroes.component.js.map
C:\TestProjects\Projects\CgtReporter\CgtReporter\dist\out-tsc\src\app\app.module.js
C:\TestProjects\Projects\CgtReporter\CgtReporter\dist\out-tsc\src\app\app.module.js.map
C:\TestProjects\Projects\CgtReporter\CgtReporter\dist\out-tsc\src\environments\environment.js
C:\TestProjects\Projects\CgtReporter\CgtReporter\dist\out-tsc\src\environments\environment.js.map
C:\TestProjects\Projects\CgtReporter\CgtReporter\dist\out-tsc\src\main.js
C:\TestProjects\Projects\CgtReporter\CgtReporter\dist\out-tsc\src\main.js.map
C:\TestProjects\Projects\CgtReporter\CgtReporter\dist\out-tsc\src\polyfills.js
C:\TestProjects\Projects\CgtReporter\CgtReporter\dist\out-tsc\src\polyfills.js.map
C:\TestProjects\Projects\CgtReporter\CgtReporter\dist\out-tsc\src\test.js
C:\TestProjects\Projects\CgtReporter\CgtReporter\dist\out-tsc\src\test.js.map
C:\TestProjects\Projects\CgtReporter\CgtReporter\dist\out-tsc\src\environments\environment.prod.js
C:\TestProjects\Projects\CgtReporter\CgtReporter\dist\out-tsc\src\environments\environment.prod.js.map
C:\TestProjects\Projects\CgtReporter\CgtReporter\dist\out-tsc\src\app\app.component.spec.js
C:\TestProjects\Projects\CgtReporter\CgtReporter\dist\out-tsc\src\app\app.component.spec.js.map
C:\TestProjects\Projects\CgtReporter\CgtReporter\dist\out-tsc\src\app\heroes\heroes.component.spec.js
C:\TestProjects\Projects\CgtReporter\CgtReporter\dist\out-tsc\src\app\heroes\heroes.component.spec.js.map
C:\TestProjects\Projects\CgtReporter\CgtReporter\dist\out-tsc\e2e\app.po.js
C:\TestProjects\Projects\CgtReporter\CgtReporter\dist\out-tsc\e2e\app.po.js.map
C:\TestProjects\Projects\CgtReporter\CgtReporter\dist\out-tsc\e2e\app.e2e-spec.js
C:\TestProjects\Projects\CgtReporter\CgtReporter\dist\out-tsc\e2e\app.e2e-spec.js.map
C:\TestProjects\Projects\CgtReporter\CgtReporter\dist\out-tsc\src\app\app.component.js
C:\TestProjects\Projects\CgtReporter\CgtReporter\dist\out-tsc\src\app\app.component.js.map
C:\TestProjects\Projects\CgtReporter\CgtReporter\dist\out-tsc\src\app\hero.js
C:\TestProjects\Projects\CgtReporter\CgtReporter\dist\out-tsc\src\app\hero.js.map
C:\TestProjects\Projects\CgtReporter\CgtReporter\dist\out-tsc\src\app\mock-heroes.js
C:\TestProjects\Projects\CgtReporter\CgtReporter\dist\out-tsc\src\app\mock-heroes.js.map
C:\TestProjects\Projects\CgtReporter\CgtReporter\dist\out-tsc\src\app\heroes\heroes.model.js
C:\TestProjects\Projects\CgtReporter\CgtReporter\dist\out-tsc\src\app\heroes\heroes.model.js.map
C:\TestProjects\Projects\CgtReporter\CgtReporter\dist\out-tsc\src\app\heroes\heroes.component.js
C:\TestProjects\Projects\CgtReporter\CgtReporter\dist\out-tsc\src\app\heroes\heroes.component.js.map
C:\TestProjects\Projects\CgtReporter\CgtReporter\dist\out-tsc\src\app\app.module.js
C:\TestProjects\Projects\CgtReporter\CgtReporter\dist\out-tsc\src\app\app.module.js.map
C:\TestProjects\Projects\CgtReporter\CgtReporter\dist\out-tsc\src\environments\environment.js
C:\TestProjects\Projects\CgtReporter\CgtReporter\dist\out-tsc\src\environments\environment.js.map
C:\TestProjects\Projects\CgtReporter\CgtReporter\dist\out-tsc\src\main.js
C:\TestProjects\Projects\CgtReporter\CgtReporter\dist\out-tsc\src\main.js.map
C:\TestProjects\Projects\CgtReporter\CgtReporter\dist\out-tsc\src\polyfills.js
C:\TestProjects\Projects\CgtReporter\CgtReporter\dist\out-tsc\src\polyfills.js.map
C:\TestProjects\Projects\CgtReporter\CgtReporter\dist\out-tsc\src\test.js
C:\TestProjects\Projects\CgtReporter\CgtReporter\dist\out-tsc\src\test.js.map
C:\TestProjects\Projects\CgtReporter\CgtReporter\dist\out-tsc\src\environments\environment.prod.js
C:\TestProjects\Projects\CgtReporter\CgtReporter\dist\out-tsc\src\environments\environment.prod.js.map
C:\TestProjects\Projects\CgtReporter\CgtReporter\dist\out-tsc\src\app\app.component.spec.js
C:\TestProjects\Projects\CgtReporter\CgtReporter\dist\out-tsc\src\app\app.component.spec.js.map
C:\TestProjects\Projects\CgtReporter\CgtReporter\dist\out-tsc\src\app\heroes\heroes.component.spec.js
C:\TestProjects\Projects\CgtReporter\CgtReporter\dist\out-tsc\src\app\heroes\heroes.component.spec.js.map
C:\TestProjects\Projects\CgtReporter\CgtReporter\dist\out-tsc\e2e\app.po.js
C:\TestProjects\Projects\CgtReporter\CgtReporter\dist\out-tsc\e2e\app.po.js.map
C:\TestProjects\Projects\CgtReporter\CgtReporter\dist\out-tsc\e2e\app.e2e-spec.js
C:\TestProjects\Projects\CgtReporter\CgtReporter\dist\out-tsc\e2e\app.e2e-spec.js.map
